<?xml version="1.0" encoding="UTF-8"?>
<!-- Generated by org.testng.reporters.JUnitXMLReporter -->
<testsuite ignored="0" hostname="Animesh" failures="3" tests="5" name="Default test" time="387.12" errors="0" timestamp="2024-11-25T20:56:36 IST">
  <testcase classname="io.cucumber.testng.AbstractTestNGCucumberTests" name="runScenario" time="73.484">
    <failure type="java.lang.AssertionError" message="expected [true] but found [false]">
      <![CDATA[java.lang.AssertionError: expected [true] but found [false]
at org.testng.Assert.fail(Assert.java:110)
at org.testng.Assert.failNotEquals(Assert.java:1413)
at org.testng.Assert.assertTrue(Assert.java:56)
at org.testng.Assert.assertTrue(Assert.java:66)
at stepDefinitions.EmployeeManagementStepDefinition.verify_popup_title_and_message(EmployeeManagementStepDefinition.java:52)
at ✽.a success popup should be displayed with "Success" in the title and "Successfully Saved" in the message(file:///C:/Users/anime/eclipse-workspace/Cucumber_Projects/orangeHRM_v1/src/test/java/features/EmployeeManagement.feature:8)
]]>
    </failure>
  </testcase> <!-- runScenario -->
  <testcase classname="io.cucumber.testng.AbstractTestNGCucumberTests" name="runScenario" time="18.671"/>
  <testcase classname="io.cucumber.testng.AbstractTestNGCucumberTests" name="runScenario" time="162.309">
    <failure type="java.lang.AssertionError" message="expected [true] but found [false]">
      <![CDATA[java.lang.AssertionError: expected [true] but found [false]
at org.testng.Assert.fail(Assert.java:110)
at org.testng.Assert.failNotEquals(Assert.java:1413)
at org.testng.Assert.assertTrue(Assert.java:56)
at org.testng.Assert.assertTrue(Assert.java:66)
at stepDefinitions.EmployeeManagementStepDefinition.the_profile_should_be_updated_successfully(EmployeeManagementStepDefinition.java:120)
at ✽.the profile should be updated successfully(file:///C:/Users/anime/eclipse-workspace/Cucumber_Projects/orangeHRM_v1/src/test/java/features/EmployeeManagement.feature:23)
]]>
    </failure>
  </testcase> <!-- runScenario -->
  <testcase classname="io.cucumber.testng.AbstractTestNGCucumberTests" name="runScenario" time="89.141">
    <failure type="java.lang.AssertionError" message="expected [true] but found [false]">
      <![CDATA[java.lang.AssertionError: expected [true] but found [false]
at org.testng.Assert.fail(Assert.java:110)
at org.testng.Assert.failNotEquals(Assert.java:1413)
at org.testng.Assert.assertTrue(Assert.java:56)
at org.testng.Assert.assertTrue(Assert.java:66)
at stepDefinitions.EmployeeManagementStepDefinition.the_document_should_be_uploaded_successfully(EmployeeManagementStepDefinition.java:172)
at ✽.the document should be uploaded successfully(file:///C:/Users/anime/eclipse-workspace/Cucumber_Projects/orangeHRM_v1/src/test/java/features/EmployeeManagement.feature:30)
]]>
    </failure>
  </testcase> <!-- runScenario -->
  <testcase classname="io.cucumber.testng.AbstractTestNGCucumberTests" name="runScenario" time="42.785"/>
</testsuite> <!-- Default test -->
